# JRE version: Java(TM) SE Runtime Environment (7.0_45-b18) (build 1.7.0_45-b18)
# Java VM: Java HotSpot(TM) Client VM (24.45-b08 mixed mode, sharing windows-x86 )
Heap
 def new generation   total 17856K, used 17415K [0x24210000, 0x25560000, 0x29760000)
  eden space 15936K,  97% used [0x24210000, 0x25131c08, 0x251a0000)
  from space 1920K, 100% used [0x25380000, 0x25560000, 0x25560000)
  to   space 1920K,   0% used [0x251a0000, 0x251a0000, 0x25380000)
 tenured generation   total 39492K, used 25054K [0x29760000, 0x2bdf1000, 0x34210000)
   the space 39492K,  63% used [0x29760000, 0x2afd7a90, 0x2afd7c00, 0x2bdf1000)
 compacting perm gen  total 18688K, used 18581K [0x34210000, 0x35450000, 0x38210000)
   the space 18688K,  99% used [0x34210000, 0x354355f8, 0x35435600, 0x35450000)
    ro space 10240K,  44% used [0x38210000, 0x38687808, 0x38687a00, 0x38c10000)
    rw space 12288K,  52% used [0x38c10000, 0x3925e610, 0x3925e800, 0x39810000)
GC Heap History (10 events):
Event: 80.296 GC heap before
{Heap before GC invocations=35 (full 2):
 def new generation   total 13824K, used 13824K [0x24210000, 0x25110000, 0x29760000)
  eden space 12288K, 100% used [0x24210000, 0x24e10000, 0x24e10000)
  from space 1536K, 100% used [0x24e10000, 0x24f90000, 0x24f90000)
  to   space 1536K,   0% used [0x24f90000, 0x24f90000, 0x25110000)
 tenured generation   total 30676K, used 26066K [0x29760000, 0x2b555000, 0x34210000)
   the space 30676K,  84% used [0x29760000, 0x2b0d4ae8, 0x2b0d4c00, 0x2b555000)
 compacting perm gen  total 12544K, used 12391K [0x34210000, 0x34e50000, 0x38210000)
   the space 12544K,  98% used [0x34210000, 0x34e29e08, 0x34e2a000, 0x34e50000)
    ro space 10240K,  44% used [0x38210000, 0x38687808, 0x38687a00, 0x38c10000)
    rw space 12288K,  52% used [0x38c10000, 0x3925e610, 0x3925e800, 0x39810000)
Event: 80.329 GC heap after
Heap after GC invocations=36 (full 2):
 def new generation   total 13824K, used 1535K [0x24210000, 0x25110000, 0x29760000)
  eden space 12288K,   0% used [0x24210000, 0x24210000, 0x24e10000)
  from space 1536K,  99% used [0x24f90000, 0x2510fff8, 0x25110000)
  to   space 1536K,   0% used [0x24e10000, 0x24e10000, 0x24f90000)
 tenured generation   total 30676K, used 27854K [0x29760000, 0x2b555000, 0x34210000)
   the space 30676K,  90% used [0x29760000, 0x2b2938e8, 0x2b293a00, 0x2b555000)
 compacting perm gen  total 12544K, used 12391K [0x34210000, 0x34e50000, 0x38210000)
   the space 12544K,  98% used [0x34210000, 0x34e29e08, 0x34e2a000, 0x34e50000)
    ro space 10240K,  44% used [0x38210000, 0x38687808, 0x38687a00, 0x38c10000)
    rw space 12288K,  52% used [0x38c10000, 0x3925e610, 0x3925e800, 0x39810000)
}
Event: 81.840 GC heap before
{Heap before GC invocations=36 (full 2):
 def new generation   total 13824K, used 13823K [0x24210000, 0x25110000, 0x29760000)
  eden space 12288K, 100% used [0x24210000, 0x24e10000, 0x24e10000)
  from space 1536K,  99% used [0x24f90000, 0x2510fff8, 0x25110000)
  to   space 1536K,   0% used [0x24e10000, 0x24e10000, 0x24f90000)
 tenured generation   total 30676K, used 27854K [0x29760000, 0x2b555000, 0x34210000)
   the space 30676K,  90% used [0x29760000, 0x2b2938e8, 0x2b293a00, 0x2b555000)
 compacting perm gen  total 13568K, used 13397K [0x34210000, 0x34f50000, 0x38210000)
   the space 13568K,  98% used [0x34210000, 0x34f25558, 0x34f25600, 0x34f50000)
    ro space 10240K,  44% used [0x38210000, 0x38687808, 0x38687a00, 0x38c10000)
    rw space 12288K,  52% used [0x38c10000, 0x3925e610, 0x3925e800, 0x39810000)
Event: 81.863 GC heap after
Heap after GC invocations=37 (full 2):
 def new generation   total 13824K, used 1536K [0x24210000, 0x25110000, 0x29760000)
  eden space 12288K,   0% used [0x24210000, 0x24210000, 0x24e10000)
  from space 1536K, 100% used [0x24e10000, 0x24f90000, 0x24f90000)
  to   space 1536K,   0% used [0x24f90000, 0x24f90000, 0x25110000)
 tenured generation   total 30676K, used 29092K [0x29760000, 0x2b555000, 0x34210000)
   the space 30676K,  94% used [0x29760000, 0x2b3c9110, 0x2b3c9200, 0x2b555000)
 compacting perm gen  total 13568K, used 13397K [0x34210000, 0x34f50000, 0x38210000)
   the space 13568K,  98% used [0x34210000, 0x34f25558, 0x34f25600, 0x34f50000)
    ro space 10240K,  44% used [0x38210000, 0x38687808, 0x38687a00, 0x38c10000)
    rw space 12288K,  52% used [0x38c10000, 0x3925e610, 0x3925e800, 0x39810000)
}
Event: 88.210 GC heap before
{Heap before GC invocations=37 (full 2):
 def new generation   total 13824K, used 13824K [0x24210000, 0x25110000, 0x29760000)
  eden space 12288K, 100% used [0x24210000, 0x24e10000, 0x24e10000)
  from space 1536K, 100% used [0x24e10000, 0x24f90000, 0x24f90000)
  to   space 1536K,   0% used [0x24f90000, 0x24f90000, 0x25110000)
 tenured generation   total 30676K, used 29092K [0x29760000, 0x2b555000, 0x34210000)
   the space 30676K,  94% used [0x29760000, 0x2b3c9110, 0x2b3c9200, 0x2b555000)
 compacting perm gen  total 15104K, used 14932K [0x34210000, 0x350d0000, 0x38210000)
   the space 15104K,  98% used [0x34210000, 0x350a5180, 0x350a5200, 0x350d0000)
    ro space 10240K,  44% used [0x38210000, 0x38687808, 0x38687a00, 0x38c10000)
    rw space 12288K,  52% used [0x38c10000, 0x3925e610, 0x3925e800, 0x39810000)
Event: 88.242 GC heap after
Heap after GC invocations=38 (full 2):
 def new generation   total 13824K, used 1536K [0x24210000, 0x25110000, 0x29760000)
  eden space 12288K,   0% used [0x24210000, 0x24210000, 0x24e10000)
  from space 1536K, 100% used [0x24f90000, 0x25110000, 0x25110000)
  to   space 1536K,   0% used [0x24e10000, 0x24e10000, 0x24f90000)
 tenured generation   total 30676K, used 30325K [0x29760000, 0x2b555000, 0x34210000)
   the space 30676K,  98% used [0x29760000, 0x2b4fd6a8, 0x2b4fd800, 0x2b555000)
 compacting perm gen  total 15104K, used 14932K [0x34210000, 0x350d0000, 0x38210000)
   the space 15104K,  98% used [0x34210000, 0x350a5180, 0x350a5200, 0x350d0000)
    ro space 10240K,  44% used [0x38210000, 0x38687808, 0x38687a00, 0x38c10000)
    rw space 12288K,  52% used [0x38c10000, 0x3925e610, 0x3925e800, 0x39810000)
}
Event: 91.296 GC heap before
{Heap before GC invocations=38 (full 2):
 def new generation   total 13824K, used 13824K [0x24210000, 0x25110000, 0x29760000)
  eden space 12288K, 100% used [0x24210000, 0x24e10000, 0x24e10000)
  from space 1536K, 100% used [0x24f90000, 0x25110000, 0x25110000)
  to   space 1536K,   0% used [0x24e10000, 0x24e10000, 0x24f90000)
 tenured generation   total 30676K, used 30325K [0x29760000, 0x2b555000, 0x34210000)
   the space 30676K,  98% used [0x29760000, 0x2b4fd6a8, 0x2b4fd800, 0x2b555000)
 compacting perm gen  total 16128K, used 16123K [0x34210000, 0x351d0000, 0x38210000)
   the space 16128K,  99% used [0x34210000, 0x351cec40, 0x351cee00, 0x351d0000)
    ro space 10240K,  44% used [0x38210000, 0x38687808, 0x38687a00, 0x38c10000)
    rw space 12288K,  52% used [0x38c10000, 0x3925e610, 0x3925e800, 0x39810000)
Event: 91.749 GC heap after
Heap after GC invocations=39 (full 3):
 def new generation   total 17856K, used 0K [0x24210000, 0x25560000, 0x29760000)
  eden space 15936K,   0% used [0x24210000, 0x24210000, 0x251a0000)
  from space 1920K,   0% used [0x251a0000, 0x251a0000, 0x25380000)
  to   space 1920K,   0% used [0x25380000, 0x25380000, 0x25560000)
 tenured generation   total 39492K, used 23693K [0x29760000, 0x2bdf1000, 0x34210000)
   the space 39492K,  59% used [0x29760000, 0x2ae83760, 0x2ae83800, 0x2bdf1000)
 compacting perm gen  total 16128K, used 16123K [0x34210000, 0x351d0000, 0x38210000)
   the space 16128K,  99% used [0x34210000, 0x351cec40, 0x351cee00, 0x351d0000)
    ro space 10240K,  44% used [0x38210000, 0x38687808, 0x38687a00, 0x38c10000)
    rw space 12288K,  52% used [0x38c10000, 0x3925e610, 0x3925e800, 0x39810000)
}
Event: 95.483 GC heap before
{Heap before GC invocations=39 (full 3):
 def new generation   total 17856K, used 15933K [0x24210000, 0x25560000, 0x29760000)
  eden space 15936K,  99% used [0x24210000, 0x2519f558, 0x251a0000)
  from space 1920K,   0% used [0x251a0000, 0x251a0000, 0x25380000)
  to   space 1920K,   0% used [0x25380000, 0x25380000, 0x25560000)
 tenured generation   total 39492K, used 23693K [0x29760000, 0x2bdf1000, 0x34210000)
   the space 39492K,  59% used [0x29760000, 0x2ae83760, 0x2ae83800, 0x2bdf1000)
 compacting perm gen  total 17920K, used 17783K [0x34210000, 0x35390000, 0x38210000)
   the space 17920K,  99% used [0x34210000, 0x3536dfa0, 0x3536e000, 0x35390000)
    ro space 10240K,  44% used [0x38210000, 0x38687808, 0x38687a00, 0x38c10000)
    rw space 12288K,  52% used [0x38c10000, 0x3925e610, 0x3925e800, 0x39810000)
Event: 95.503 GC heap after
Heap after GC invocations=40 (full 3):
 def new generation   total 17856K, used 1920K [0x24210000, 0x25560000, 0x29760000)
  eden space 15936K,   0% used [0x24210000, 0x24210000, 0x251a0000)
  from space 1920K, 100% used [0x25380000, 0x25560000, 0x25560000)
  to   space 1920K,   0% used [0x251a0000, 0x251a0000, 0x25380000)
 tenured generation   total 39492K, used 25054K [0x29760000, 0x2bdf1000, 0x34210000)
   the space 39492K,  63% used [0x29760000, 0x2afd7a90, 0x2afd7c00, 0x2bdf1000)
 compacting perm gen  total 17920K, used 17783K [0x34210000, 0x35390000, 0x38210000)
   the space 17920K,  99% used [0x34210000, 0x3536dfa0, 0x3536e000, 0x35390000)
    ro space 10240K,  44% used [0x38210000, 0x38687808, 0x38687a00, 0x38c10000)
    rw space 12288K,  52% used [0x38c10000, 0x3925e610, 0x3925e800, 0x39810000)
}

